<?xml version="1.0" encoding="UTF-8"?>
<!-- Generated by org.testng.reporters.JUnitReportReporter -->
<testsuite hostname="CHNMCT279709L" name="LoginTest" tests="1" failures="0" timestamp="31 Jul 2020 08:07:47 GMT" time="21.929" errors="0">
  <testcase name="doPageTitleTest" time="21.929" classname="LoginTest"/>
</testsuite> <!-- LoginTest -->
