<?xml version="1.0" encoding="UTF-8"?>
<!-- Generated by org.testng.reporters.JUnitReportReporter -->
<testsuite hostname="CHNMCT279709L" name="LoginTest" tests="1" failures="0" timestamp="5 Jul 2020 13:42:17 GMT" time="10.652" errors="0">
  <testcase name="doPageTitleTest" time="10.652" classname="LoginTest"/>
</testsuite> <!-- LoginTest -->
